<?xml version="1.0" encoding="UTF-8"?>
<testsuites>
  <testsuite name="Instagram_Tests" timestamp="2020-04-17T11:50:13" time="2.569" tests="1" failures="0" errors="0" skipped="0">
    <properties>
      <property name="specId" value="0"/>
      <property name="suiteName" value="Instagram Tests"/>
      <property name="capabilities" value="chrome.80_0_3987_163.windows"/>
      <property name="file" value=".\spec\test.ts"/>
    </properties>
    <testcase classname="chrome.80_0_3987_163.windows.Instagram_Tests" name="Verify_user_can_login" time="1.002"/>
  </testsuite>
</testsuites>